2022-09-28T14:27:47.777414+00:00 ERROR 'ansible_navigator.actions.collections._parse' /usr/share/ansible/collections/ansible_collections/redhatinsights/insights/roles/insights_client/meta/argument_specs.yml Failed to find argument_specs.yml for role in redhatinsights.insights.
2022-09-28T14:27:47.777942+00:00 ERROR 'ansible_navigator.actions.collections._parse' /usr/share/ansible/collections/ansible_collections/redhatinsights/insights/roles/compliance/meta/argument_specs.yml Failed to find argument_specs.yml for role in redhatinsights.insights.
2022-09-28T14:27:47.778022+00:00 ERROR 'ansible_navigator.actions.collections._parse' /usr/share/ansible/collections/ansible_collections/theforeman/foreman/roles/auth_sources_ldap/meta/argument_specs.yml Failed to find argument_specs.yml for role in theforeman.foreman.
2022-09-28T14:27:47.778079+00:00 ERROR 'ansible_navigator.actions.collections._parse' /usr/share/ansible/collections/ansible_collections/theforeman/foreman/roles/auth_sources_ldap/meta/main.yml Failed to find main.yml for role in theforeman.foreman.
2022-09-28T14:27:47.778143+00:00 ERROR 'ansible_navigator.actions.collections._parse' /usr/share/ansible/collections/ansible_collections/theforeman/foreman/roles/content_view_publish/meta/argument_specs.yml Failed to find argument_specs.yml for role in theforeman.foreman.
2022-09-28T14:27:47.778199+00:00 ERROR 'ansible_navigator.actions.collections._parse' /usr/share/ansible/collections/ansible_collections/theforeman/foreman/roles/content_view_publish/meta/main.yml Failed to find main.yml for role in theforeman.foreman.
2022-09-28T14:27:47.778248+00:00 ERROR 'ansible_navigator.actions.collections._parse' /usr/share/ansible/collections/ansible_collections/theforeman/foreman/roles/repositories/meta/argument_specs.yml Failed to find argument_specs.yml for role in theforeman.foreman.
2022-09-28T14:27:47.778300+00:00 ERROR 'ansible_navigator.actions.collections._parse' /usr/share/ansible/collections/ansible_collections/theforeman/foreman/roles/repositories/meta/main.yml Failed to find main.yml for role in theforeman.foreman.
2022-09-28T14:27:47.778352+00:00 ERROR 'ansible_navigator.actions.collections._parse' /usr/share/ansible/collections/ansible_collections/theforeman/foreman/roles/activation_keys/meta/argument_specs.yml Failed to find argument_specs.yml for role in theforeman.foreman.
2022-09-28T14:27:47.778404+00:00 ERROR 'ansible_navigator.actions.collections._parse' /usr/share/ansible/collections/ansible_collections/theforeman/foreman/roles/activation_keys/meta/main.yml Failed to find main.yml for role in theforeman.foreman.
2022-09-28T14:27:47.778455+00:00 ERROR 'ansible_navigator.actions.collections._parse' /usr/share/ansible/collections/ansible_collections/theforeman/foreman/roles/compute_resources/meta/argument_specs.yml Failed to find argument_specs.yml for role in theforeman.foreman.
2022-09-28T14:27:47.778503+00:00 ERROR 'ansible_navigator.actions.collections._parse' /usr/share/ansible/collections/ansible_collections/theforeman/foreman/roles/compute_resources/meta/main.yml Failed to find main.yml for role in theforeman.foreman.
2022-09-28T14:27:47.778555+00:00 ERROR 'ansible_navigator.actions.collections._parse' /usr/share/ansible/collections/ansible_collections/theforeman/foreman/roles/manifest/meta/argument_specs.yml Failed to find argument_specs.yml for role in theforeman.foreman.
2022-09-28T14:27:47.778607+00:00 ERROR 'ansible_navigator.actions.collections._parse' /usr/share/ansible/collections/ansible_collections/theforeman/foreman/roles/manifest/meta/main.yml Failed to find main.yml for role in theforeman.foreman.
2022-09-28T14:27:47.778656+00:00 ERROR 'ansible_navigator.actions.collections._parse' /usr/share/ansible/collections/ansible_collections/theforeman/foreman/roles/content_views/meta/argument_specs.yml Failed to find argument_specs.yml for role in theforeman.foreman.
2022-09-28T14:27:47.778709+00:00 ERROR 'ansible_navigator.actions.collections._parse' /usr/share/ansible/collections/ansible_collections/theforeman/foreman/roles/content_views/meta/main.yml Failed to find main.yml for role in theforeman.foreman.
2022-09-28T14:27:47.778768+00:00 ERROR 'ansible_navigator.actions.collections._parse' /usr/share/ansible/collections/ansible_collections/theforeman/foreman/roles/content_rhel/meta/argument_specs.yml Failed to find argument_specs.yml for role in theforeman.foreman.
2022-09-28T14:27:47.778816+00:00 ERROR 'ansible_navigator.actions.collections._parse' /usr/share/ansible/collections/ansible_collections/theforeman/foreman/roles/content_rhel/meta/main.yml Failed to find main.yml for role in theforeman.foreman.
2022-09-28T14:27:47.778863+00:00 ERROR 'ansible_navigator.actions.collections._parse' /usr/share/ansible/collections/ansible_collections/theforeman/foreman/roles/compute_profiles/meta/argument_specs.yml Failed to find argument_specs.yml for role in theforeman.foreman.
2022-09-28T14:27:47.778908+00:00 ERROR 'ansible_navigator.actions.collections._parse' /usr/share/ansible/collections/ansible_collections/theforeman/foreman/roles/compute_profiles/meta/main.yml Failed to find main.yml for role in theforeman.foreman.
2022-09-28T14:27:47.778954+00:00 ERROR 'ansible_navigator.actions.collections._parse' /usr/share/ansible/collections/ansible_collections/theforeman/foreman/roles/domains/meta/argument_specs.yml Failed to find argument_specs.yml for role in theforeman.foreman.
2022-09-28T14:27:47.779000+00:00 ERROR 'ansible_navigator.actions.collections._parse' /usr/share/ansible/collections/ansible_collections/theforeman/foreman/roles/domains/meta/main.yml Failed to find main.yml for role in theforeman.foreman.
2022-09-28T14:27:47.779046+00:00 ERROR 'ansible_navigator.actions.collections._parse' /usr/share/ansible/collections/ansible_collections/theforeman/foreman/roles/content_credentials/meta/argument_specs.yml Failed to find argument_specs.yml for role in theforeman.foreman.
2022-09-28T14:27:47.779092+00:00 ERROR 'ansible_navigator.actions.collections._parse' /usr/share/ansible/collections/ansible_collections/theforeman/foreman/roles/content_credentials/meta/main.yml Failed to find main.yml for role in theforeman.foreman.
2022-09-28T14:27:47.779138+00:00 ERROR 'ansible_navigator.actions.collections._parse' /usr/share/ansible/collections/ansible_collections/theforeman/foreman/roles/lifecycle_environments/meta/argument_specs.yml Failed to find argument_specs.yml for role in theforeman.foreman.
2022-09-28T14:27:47.779184+00:00 ERROR 'ansible_navigator.actions.collections._parse' /usr/share/ansible/collections/ansible_collections/theforeman/foreman/roles/lifecycle_environments/meta/main.yml Failed to find main.yml for role in theforeman.foreman.
2022-09-28T14:27:47.779233+00:00 ERROR 'ansible_navigator.actions.collections._parse' /usr/share/ansible/collections/ansible_collections/theforeman/foreman/roles/operatingsystems/meta/argument_specs.yml Failed to find argument_specs.yml for role in theforeman.foreman.
2022-09-28T14:27:47.779279+00:00 ERROR 'ansible_navigator.actions.collections._parse' /usr/share/ansible/collections/ansible_collections/theforeman/foreman/roles/operatingsystems/meta/main.yml Failed to find main.yml for role in theforeman.foreman.
2022-09-28T14:27:47.779324+00:00 ERROR 'ansible_navigator.actions.collections._parse' /usr/share/ansible/collections/ansible_collections/theforeman/foreman/roles/sync_plans/meta/argument_specs.yml Failed to find argument_specs.yml for role in theforeman.foreman.
2022-09-28T14:27:47.779370+00:00 ERROR 'ansible_navigator.actions.collections._parse' /usr/share/ansible/collections/ansible_collections/theforeman/foreman/roles/sync_plans/meta/main.yml Failed to find main.yml for role in theforeman.foreman.
2022-09-28T14:27:47.779416+00:00 ERROR 'ansible_navigator.actions.collections._parse' /usr/share/ansible/collections/ansible_collections/theforeman/foreman/roles/convert2rhel/meta/argument_specs.yml Failed to find argument_specs.yml for role in theforeman.foreman.
2022-09-28T14:27:47.779461+00:00 ERROR 'ansible_navigator.actions.collections._parse' /usr/share/ansible/collections/ansible_collections/theforeman/foreman/roles/convert2rhel/meta/main.yml Failed to find main.yml for role in theforeman.foreman.
2022-09-28T14:27:47.779518+00:00 ERROR 'ansible_navigator.actions.collections._parse' /usr/share/ansible/collections/ansible_collections/theforeman/foreman/roles/subnets/meta/argument_specs.yml Failed to find argument_specs.yml for role in theforeman.foreman.
2022-09-28T14:27:47.779566+00:00 ERROR 'ansible_navigator.actions.collections._parse' /usr/share/ansible/collections/ansible_collections/theforeman/foreman/roles/subnets/meta/main.yml Failed to find main.yml for role in theforeman.foreman.
2022-09-28T14:27:47.779612+00:00 ERROR 'ansible_navigator.actions.collections._parse' /usr/share/ansible/collections/ansible_collections/theforeman/foreman/roles/content_view_version_cleanup/meta/argument_specs.yml Failed to find argument_specs.yml for role in theforeman.foreman.
2022-09-28T14:27:47.779658+00:00 ERROR 'ansible_navigator.actions.collections._parse' /usr/share/ansible/collections/ansible_collections/theforeman/foreman/roles/content_view_version_cleanup/meta/main.yml Failed to find main.yml for role in theforeman.foreman.
2022-09-28T14:27:47.779725+00:00 ERROR 'ansible_navigator.actions.collections._parse' /usr/share/ansible/collections/ansible_collections/theforeman/foreman/roles/hostgroups/meta/argument_specs.yml Failed to find argument_specs.yml for role in theforeman.foreman.
2022-09-28T14:27:47.779778+00:00 ERROR 'ansible_navigator.actions.collections._parse' /usr/share/ansible/collections/ansible_collections/theforeman/foreman/roles/hostgroups/meta/main.yml Failed to find main.yml for role in theforeman.foreman.
2022-09-28T14:27:47.779825+00:00 ERROR 'ansible_navigator.actions.collections._parse' /usr/share/ansible/collections/ansible_collections/theforeman/foreman/roles/organizations/meta/argument_specs.yml Failed to find argument_specs.yml for role in theforeman.foreman.
2022-09-28T14:27:47.779871+00:00 ERROR 'ansible_navigator.actions.collections._parse' /usr/share/ansible/collections/ansible_collections/theforeman/foreman/roles/organizations/meta/main.yml Failed to find main.yml for role in theforeman.foreman.
2022-09-28T14:27:47.779918+00:00 ERROR 'ansible_navigator.actions.collections._parse' /usr/share/ansible/collections/ansible_collections/theforeman/foreman/roles/settings/meta/argument_specs.yml Failed to find argument_specs.yml for role in theforeman.foreman.
2022-09-28T14:27:47.779964+00:00 ERROR 'ansible_navigator.actions.collections._parse' /usr/share/ansible/collections/ansible_collections/theforeman/foreman/roles/settings/meta/main.yml Failed to find main.yml for role in theforeman.foreman.
2022-09-28T14:27:47.780011+00:00 ERROR 'ansible_navigator.actions.collections._parse' /usr/share/ansible/collections/ansible_collections/theforeman/foreman/roles/provisioning_templates/meta/argument_specs.yml Failed to find argument_specs.yml for role in theforeman.foreman.
2022-09-28T14:27:47.780058+00:00 ERROR 'ansible_navigator.actions.collections._parse' /usr/share/ansible/collections/ansible_collections/theforeman/foreman/roles/provisioning_templates/meta/main.yml Failed to find main.yml for role in theforeman.foreman.
2022-09-28T14:27:47.780113+00:00 ERROR 'ansible_navigator.actions.collections._parse' /usr/share/ansible/collections/ansible_collections/ovirt/ovirt/roles/manageiq/meta/argument_specs.yml Failed to find argument_specs.yml for role in ovirt.ovirt.
2022-09-28T14:27:47.780160+00:00 ERROR 'ansible_navigator.actions.collections._parse' /usr/share/ansible/collections/ansible_collections/ovirt/ovirt/roles/manageiq/meta/main.yml Failed to find main.yml for role in ovirt.ovirt.
2022-09-28T14:27:47.780206+00:00 ERROR 'ansible_navigator.actions.collections._parse' /usr/share/ansible/collections/ansible_collections/ovirt/ovirt/roles/repositories/meta/argument_specs.yml Failed to find argument_specs.yml for role in ovirt.ovirt.
2022-09-28T14:27:47.780256+00:00 ERROR 'ansible_navigator.actions.collections._parse' /usr/share/ansible/collections/ansible_collections/ovirt/ovirt/roles/repositories/meta/main.yml Failed to find main.yml for role in ovirt.ovirt.
2022-09-28T14:27:47.780315+00:00 ERROR 'ansible_navigator.actions.collections._parse' /usr/share/ansible/collections/ansible_collections/ovirt/ovirt/roles/remove_stale_lun/meta/argument_specs.yml Failed to find argument_specs.yml for role in ovirt.ovirt.
2022-09-28T14:27:47.780365+00:00 ERROR 'ansible_navigator.actions.collections._parse' /usr/share/ansible/collections/ansible_collections/ovirt/ovirt/roles/remove_stale_lun/meta/main.yml Failed to find main.yml for role in ovirt.ovirt.
2022-09-28T14:27:47.780413+00:00 ERROR 'ansible_navigator.actions.collections._parse' /usr/share/ansible/collections/ansible_collections/ovirt/ovirt/roles/cluster_upgrade/meta/argument_specs.yml Failed to find argument_specs.yml for role in ovirt.ovirt.
2022-09-28T14:27:47.780460+00:00 ERROR 'ansible_navigator.actions.collections._parse' /usr/share/ansible/collections/ansible_collections/ovirt/ovirt/roles/cluster_upgrade/meta/main.yml Failed to find main.yml for role in ovirt.ovirt.
2022-09-28T14:27:47.780507+00:00 ERROR 'ansible_navigator.actions.collections._parse' /usr/share/ansible/collections/ansible_collections/ovirt/ovirt/roles/hosted_engine_setup/meta/argument_specs.yml Failed to find argument_specs.yml for role in ovirt.ovirt.
2022-09-28T14:27:47.780555+00:00 ERROR 'ansible_navigator.actions.collections._parse' /usr/share/ansible/collections/ansible_collections/ovirt/ovirt/roles/hosted_engine_setup/meta/main.yml Failed to find main.yml for role in ovirt.ovirt.
2022-09-28T14:27:47.780602+00:00 ERROR 'ansible_navigator.actions.collections._parse' /usr/share/ansible/collections/ansible_collections/ovirt/ovirt/roles/engine_setup/meta/argument_specs.yml Failed to find argument_specs.yml for role in ovirt.ovirt.
2022-09-28T14:27:47.780649+00:00 ERROR 'ansible_navigator.actions.collections._parse' /usr/share/ansible/collections/ansible_collections/ovirt/ovirt/roles/engine_setup/meta/main.yml Failed to find main.yml for role in ovirt.ovirt.
2022-09-28T14:27:47.780695+00:00 ERROR 'ansible_navigator.actions.collections._parse' /usr/share/ansible/collections/ansible_collections/ovirt/ovirt/roles/disaster_recovery/meta/argument_specs.yml Failed to find argument_specs.yml for role in ovirt.ovirt.
2022-09-28T14:27:47.780755+00:00 ERROR 'ansible_navigator.actions.collections._parse' /usr/share/ansible/collections/ansible_collections/ovirt/ovirt/roles/disaster_recovery/meta/main.yml Failed to find main.yml for role in ovirt.ovirt.
2022-09-28T14:27:47.780802+00:00 ERROR 'ansible_navigator.actions.collections._parse' /usr/share/ansible/collections/ansible_collections/ovirt/ovirt/roles/shutdown_env/meta/argument_specs.yml Failed to find argument_specs.yml for role in ovirt.ovirt.
2022-09-28T14:27:47.780851+00:00 ERROR 'ansible_navigator.actions.collections._parse' /usr/share/ansible/collections/ansible_collections/ovirt/ovirt/roles/shutdown_env/meta/main.yml Failed to find main.yml for role in ovirt.ovirt.
2022-09-28T14:27:47.780897+00:00 ERROR 'ansible_navigator.actions.collections._parse' /usr/share/ansible/collections/ansible_collections/ovirt/ovirt/roles/image_template/meta/argument_specs.yml Failed to find argument_specs.yml for role in ovirt.ovirt.
2022-09-28T14:27:47.780944+00:00 ERROR 'ansible_navigator.actions.collections._parse' /usr/share/ansible/collections/ansible_collections/ovirt/ovirt/roles/image_template/meta/main.yml Failed to find main.yml for role in ovirt.ovirt.
2022-09-28T14:27:47.780990+00:00 ERROR 'ansible_navigator.actions.collections._parse' /usr/share/ansible/collections/ansible_collections/ovirt/ovirt/roles/vm_infra/meta/argument_specs.yml Failed to find argument_specs.yml for role in ovirt.ovirt.
2022-09-28T14:27:47.781040+00:00 ERROR 'ansible_navigator.actions.collections._parse' /usr/share/ansible/collections/ansible_collections/ovirt/ovirt/roles/vm_infra/meta/main.yml Failed to find main.yml for role in ovirt.ovirt.
2022-09-28T14:27:47.781091+00:00 ERROR 'ansible_navigator.actions.collections._parse' /usr/share/ansible/collections/ansible_collections/ovirt/ovirt/roles/infra/meta/argument_specs.yml Failed to find argument_specs.yml for role in ovirt.ovirt.
2022-09-28T14:27:47.781152+00:00 ERROR 'ansible_navigator.actions.collections._parse' /usr/share/ansible/collections/ansible_collections/ovirt/ovirt/roles/infra/meta/main.yml Failed to find main.yml for role in ovirt.ovirt.
2022-09-28T14:27:47.781203+00:00 ERROR 'ansible_navigator.actions.collections._parse' /usr/share/ansible/collections/ansible_collections/google/cloud/roles/stackdriver_monitoring/meta/argument_specs.yml Failed to find argument_specs.yml for role in google.cloud.
2022-09-28T14:27:47.781252+00:00 ERROR 'ansible_navigator.actions.collections._parse' /usr/share/ansible/collections/ansible_collections/google/cloud/roles/gcloud/meta/argument_specs.yml Failed to find argument_specs.yml for role in google.cloud.
2022-09-28T14:27:47.781307+00:00 ERROR 'ansible_navigator.actions.collections._parse' /usr/share/ansible/collections/ansible_collections/google/cloud/roles/stackdriver_logging/meta/argument_specs.yml Failed to find argument_specs.yml for role in google.cloud.
2022-09-28T14:27:47.781356+00:00 ERROR 'ansible_navigator.actions.collections._parse' /usr/share/ansible/collections/ansible_collections/google/cloud/roles/gcp_http_lb/meta/argument_specs.yml Failed to find argument_specs.yml for role in google.cloud.
2022-09-28T14:27:47.781402+00:00 ERROR 'ansible_navigator.actions.collections._parse' /usr/share/ansible/collections/ansible_collections/google/cloud/roles/gcsfuse/meta/argument_specs.yml Failed to find argument_specs.yml for role in google.cloud.
2022-09-28T14:27:47.781455+00:00 ERROR 'ansible_navigator.actions.collections._parse' /usr/share/ansible/collections/ansible_collections/google/cloud/roles/gcsfuse/meta/main.yml Failed to find main.yml for role in google.cloud.
2022-09-28T14:27:47.781506+00:00 ERROR 'ansible_navigator.actions.collections._parse' /usr/share/ansible/collections/ansible_collections/ovirt/ovirt/plugins/test/ovirt_proxied_check.py AttributeError (get_docstring): 'AnsibleUnicode' object has no attribute 'get'
